Determining if the pthread_create exist failed with the following output:
Change Dir: /home/rosuser/practice/catkin_ws/build/CMakeFiles/CMakeTmp

Run Build Command:"/usr/bin/make" "cmTC_ce78c/fast"
/usr/bin/make -f CMakeFiles/cmTC_ce78c.dir/build.make CMakeFiles/cmTC_ce78c.dir/build
make[1]: Entering directory '/home/rosuser/practice/catkin_ws/build/CMakeFiles/CMakeTmp'
Building C object CMakeFiles/cmTC_ce78c.dir/CheckSymbolExists.c.o
/usr/bin/cc    -o CMakeFiles/cmTC_ce78c.dir/CheckSymbolExists.c.o   -c /home/rosuser/practice/catkin_ws/build/CMakeFiles/CMakeTmp/CheckSymbolExists.c
Linking C executable cmTC_ce78c
/usr/bin/cmake -E cmake_link_script CMakeFiles/cmTC_ce78c.dir/link.txt --verbose=1
/usr/bin/cc      -rdynamic CMakeFiles/cmTC_ce78c.dir/CheckSymbolExists.c.o  -o cmTC_ce78c 
CMakeFiles/cmTC_ce78c.dir/CheckSymbolExists.c.o: In function `main':
CheckSymbolExists.c:(.text+0x1b): undefined reference to `pthread_create'
collect2: error: ld returned 1 exit status
CMakeFiles/cmTC_ce78c.dir/build.make:97: recipe for target 'cmTC_ce78c' failed
make[1]: *** [cmTC_ce78c] Error 1
make[1]: Leaving directory '/home/rosuser/practice/catkin_ws/build/CMakeFiles/CMakeTmp'
Makefile:126: recipe for target 'cmTC_ce78c/fast' failed
make: *** [cmTC_ce78c/fast] Error 2

File /home/rosuser/practice/catkin_ws/build/CMakeFiles/CMakeTmp/CheckSymbolExists.c:
/* */
#include <pthread.h>

int main(int argc, char** argv)
{
  (void)argv;
#ifndef pthread_create
  return ((int*)(&pthread_create))[argc];
#else
  (void)argc;
  return 0;
#endif
}

Determining if the function pthread_create exists in the pthreads failed with the following output:
Change Dir: /home/rosuser/practice/catkin_ws/build/CMakeFiles/CMakeTmp

Run Build Command:"/usr/bin/make" "cmTC_040de/fast"
/usr/bin/make -f CMakeFiles/cmTC_040de.dir/build.make CMakeFiles/cmTC_040de.dir/build
make[1]: Entering directory '/home/rosuser/practice/catkin_ws/build/CMakeFiles/CMakeTmp'
Building C object CMakeFiles/cmTC_040de.dir/CheckFunctionExists.c.o
/usr/bin/cc   -DCHECK_FUNCTION_EXISTS=pthread_create   -o CMakeFiles/cmTC_040de.dir/CheckFunctionExists.c.o   -c /usr/share/cmake-3.10/Modules/CheckFunctionExists.c
Linking C executable cmTC_040de
/usr/bin/cmake -E cmake_link_script CMakeFiles/cmTC_040de.dir/link.txt --verbose=1
/usr/bin/cc  -DCHECK_FUNCTION_EXISTS=pthread_create    -rdynamic CMakeFiles/cmTC_040de.dir/CheckFunctionExists.c.o  -o cmTC_040de -lpthreads 
/usr/bin/ld: cannot find -lpthreads
collect2: error: ld returned 1 exit status
CMakeFiles/cmTC_040de.dir/build.make:97: recipe for target 'cmTC_040de' failed
make[1]: *** [cmTC_040de] Error 1
make[1]: Leaving directory '/home/rosuser/practice/catkin_ws/build/CMakeFiles/CMakeTmp'
Makefile:126: recipe for target 'cmTC_040de/fast' failed
make: *** [cmTC_040de/fast] Error 2


